  carlevel.c
C:\Users\weitu\Documents\SIT\CSD 1401 Software Engineering Project 1\CProjectTeamRP\CProject\Src\carlevel.c(84,51): warning C4244: 'function': conversion from 'double' to 'int', possible loss of data
C:\Users\weitu\Documents\SIT\CSD 1401 Software Engineering Project 1\CProjectTeamRP\CProject\Src\carlevel.c(86,33): warning C4244: 'function': conversion from 'double' to 'float', possible loss of data
C:\Users\weitu\Documents\SIT\CSD 1401 Software Engineering Project 1\CProjectTeamRP\CProject\Src\carlevel.c(86,43): warning C4244: 'function': conversion from 'double' to 'float', possible loss of data
C:\Users\weitu\Documents\SIT\CSD 1401 Software Engineering Project 1\CProjectTeamRP\CProject\Src\carlevel.c(86,58): warning C4244: 'function': conversion from 'double' to 'float', possible loss of data
C:\Users\weitu\Documents\SIT\CSD 1401 Software Engineering Project 1\CProjectTeamRP\CProject\Src\carlevel.c(90,32): warning C4244: 'function': conversion from 'double' to 'float', possible loss of data
C:\Users\weitu\Documents\SIT\CSD 1401 Software Engineering Project 1\CProjectTeamRP\CProject\Src\carlevel.c(90,42): warning C4244: 'function': conversion from 'double' to 'float', possible loss of data
C:\Users\weitu\Documents\SIT\CSD 1401 Software Engineering Project 1\CProjectTeamRP\CProject\Src\carlevel.c(90,46): warning C4244: 'function': conversion from 'double' to 'float', possible loss of data
C:\Users\weitu\Documents\SIT\CSD 1401 Software Engineering Project 1\CProjectTeamRP\CProject\Src\carlevel.c(94,44): warning C4244: 'function': conversion from 'double' to 'float', possible loss of data
C:\Users\weitu\Documents\SIT\CSD 1401 Software Engineering Project 1\CProjectTeamRP\CProject\Src\carlevel.c(94,62): warning C4244: 'function': conversion from 'double' to 'float', possible loss of data
C:\Users\weitu\Documents\SIT\CSD 1401 Software Engineering Project 1\CProjectTeamRP\CProject\Src\carlevel.c(94,66): warning C4244: 'function': conversion from 'double' to 'float', possible loss of data
C:\Users\weitu\Documents\SIT\CSD 1401 Software Engineering Project 1\CProjectTeamRP\CProject\Src\carlevel.c(94,90): warning C4244: 'function': conversion from 'double' to 'float', possible loss of data
C:\Users\weitu\Documents\SIT\CSD 1401 Software Engineering Project 1\CProjectTeamRP\CProject\Src\carlevel.c(94,108): warning C4244: 'function': conversion from 'double' to 'float', possible loss of data
C:\Users\weitu\Documents\SIT\CSD 1401 Software Engineering Project 1\CProjectTeamRP\CProject\Src\carlevel.c(94,132): warning C4244: 'function': conversion from 'double' to 'float', possible loss of data
C:\Users\weitu\Documents\SIT\CSD 1401 Software Engineering Project 1\CProjectTeamRP\CProject\Src\carlevel.c(94,156): warning C4244: 'function': conversion from 'double' to 'float', possible loss of data
C:\Users\weitu\Documents\SIT\CSD 1401 Software Engineering Project 1\CProjectTeamRP\CProject\Src\carlevel.c(97,27): warning C4244: 'function': conversion from 'double' to 'float', possible loss of data
C:\Users\weitu\Documents\SIT\CSD 1401 Software Engineering Project 1\CProjectTeamRP\CProject\Src\carlevel.c(97,37): warning C4244: 'function': conversion from 'double' to 'float', possible loss of data
C:\Users\weitu\Documents\SIT\CSD 1401 Software Engineering Project 1\CProjectTeamRP\CProject\Src\carlevel.c(97,41): warning C4244: 'function': conversion from 'double' to 'float', possible loss of data
C:\Users\weitu\Documents\SIT\CSD 1401 Software Engineering Project 1\CProjectTeamRP\CProject\Src\carlevel.c(140,52): warning C4244: 'function': conversion from 'double' to 'float', possible loss of data
C:\Users\weitu\Documents\SIT\CSD 1401 Software Engineering Project 1\CProjectTeamRP\CProject\Src\carlevel.c(140,83): warning C4244: 'function': conversion from 'double' to 'float', possible loss of data
C:\Users\weitu\Documents\SIT\CSD 1401 Software Engineering Project 1\CProjectTeamRP\CProject\Src\carlevel.c(140,98): warning C4244: 'function': conversion from 'double' to 'float', possible loss of data
C:\Users\weitu\Documents\SIT\CSD 1401 Software Engineering Project 1\CProjectTeamRP\CProject\Src\carlevel.c(142,44): warning C4244: 'function': conversion from 'double' to 'float', possible loss of data
  game.c
  main.c
  mainmenu.c
  utils.c
C:\Users\weitu\Documents\SIT\CSD 1401 Software Engineering Project 1\CProjectTeamRP\CProject\Src\utils.c(40,26): warning C4244: 'initializing': conversion from 'double' to 'float', possible loss of data
C:\Users\weitu\Documents\SIT\CSD 1401 Software Engineering Project 1\CProjectTeamRP\CProject\Src\utils.c(53,32): warning C4244: 'function': conversion from 'double' to 'float', possible loss of data
C:\Users\weitu\Documents\SIT\CSD 1401 Software Engineering Project 1\CProjectTeamRP\CProject\Src\utils.c(53,36): warning C4244: 'function': conversion from 'double' to 'float', possible loss of data
C:\Users\weitu\Documents\SIT\CSD 1401 Software Engineering Project 1\CProjectTeamRP\CProject\Src\utils.c(71,24): warning C4244: '+=': conversion from 'double' to 'int', possible loss of data
C:\Users\weitu\Documents\SIT\CSD 1401 Software Engineering Project 1\CProjectTeamRP\CProject\Src\utils.c(73,24): warning C4244: '+=': conversion from 'double' to 'int', possible loss of data
C:\Users\weitu\Documents\SIT\CSD 1401 Software Engineering Project 1\CProjectTeamRP\CProject\Src\utils.c(84,17): warning C4244: '=': conversion from 'double' to 'int', possible loss of data
C:\Users\weitu\Documents\SIT\CSD 1401 Software Engineering Project 1\CProjectTeamRP\CProject\Src\utils.c(86,17): warning C4244: '=': conversion from 'double' to 'int', possible loss of data
  Generating Code...
C:\Users\weitu\Documents\SIT\CSD 1401 Software Engineering Project 1\CProjectTeamRP\CProject\Src\utils.c(24): warning C4716: 'CircleInRect': must return a value
  CProject.vcxproj -> C:\Users\weitu\Documents\SIT\CSD 1401 Software Engineering Project 1\CProjectTeamRP\CProject\bin\Debug-x64\CProject.exe
  File not found - CProcessingd.dll
  0 File(s) copied
  File not found - fmodL.dll
  0 File(s) copied
  1 File(s) copied
